<?xml version="1.0" encoding="UTF-8"?>
<!-- Generated by org.testng.reporters.JUnitReportReporter -->
<testsuite hostname="LAPTOP-30A2M6SH" failures="0" tests="1" name="ExcelOperations.ReadingfromExcelfile" time="0.534" errors="0" timestamp="2024-12-18T15:05:44 IST" skipped="0">
  <testcase classname="ExcelOperations.ReadingfromExcelfile" name="ReadData" time="0.534"/>
</testsuite> <!-- ExcelOperations.ReadingfromExcelfile -->
