<?xml version="1.0" encoding="UTF-8"?>
<!-- Generated by org.testng.reporters.JUnitReportReporter -->
<testsuite hostname="LAPTOP-30A2M6SH" failures="0" tests="2" name="com.HRMscenario2pagefactorys.tests.LoginPageTestPF" time="1.840" errors="0" timestamp="2024-12-19T10:25:15 IST" skipped="0">
  <testcase classname="com.HRMscenario2pagefactorys.tests.LoginPageTestPF" name="verifyTitle" time="0.018"/>
  <testcase classname="com.HRMscenario2pagefactorys.tests.LoginPageTestPF" name="verifyLoginTest" time="1.822"/>
</testsuite> <!-- com.HRMscenario2pagefactorys.tests.LoginPageTestPF -->
