<?xml version="1.0" encoding="UTF-8"?>
<!-- Generated by org.testng.reporters.JUnitReportReporter -->
<testsuite hostname="LAPTOP-30A2M6SH" failures="0" tests="4" name="com.HRMscenario2pagefactorys.tests.AdminPageTestPF" time="5.929" errors="0" timestamp="2024-12-19T10:25:15 IST" skipped="0">
  <testcase classname="com.HRMscenario2pagefactorys.tests.AdminPageTestPF" name="VerifyMenuCount" time="1.971"/>
  <testcase classname="com.HRMscenario2pagefactorys.tests.AdminPageTestPF" name="searchbyName" time="2.152"/>
  <testcase classname="com.HRMscenario2pagefactorys.tests.AdminPageTestPF" name="selectByuserRole" time="1.046"/>
  <testcase classname="com.HRMscenario2pagefactorys.tests.AdminPageTestPF" name="SelectByuserStatus" time="0.760"/>
</testsuite> <!-- com.HRMscenario2pagefactorys.tests.AdminPageTestPF -->
